-------------------------------------------------------------------------------
Test set: Proyecto_TurismoCLONE.Proyecto_Turismo.ProyectoTurismoCloneApplicationTests
-------------------------------------------------------------------------------
Tests run: 1, Failures: 0, Errors: 1, Skipped: 0, Time elapsed: 21.686 s <<< FAILURE! - in Proyecto_TurismoCLONE.Proyecto_Turismo.ProyectoTurismoCloneApplicationTests
contextLoads  Time elapsed: 0.002 s  <<< ERROR!
java.lang.IllegalStateException: Failed to load ApplicationContext
Caused by: org.springframework.beans.factory.UnsatisfiedDependencyException: Error creating bean with name 'restaurantesController': Unsatisfied dependency expressed through field 'audienciaService'; nested exception is org.springframework.beans.factory.UnsatisfiedDependencyException: Error creating bean with name 'audienciaService': Unsatisfied dependency expressed through field 'restaurantesRepository'; nested exception is org.springframework.beans.factory.BeanCreationException: Error creating bean with name 'audienciaRepository' defined in Proyecto_TurismoCLONE.Proyecto_Turismo.repository.AudienciaRepository defined in @EnableJpaRepositories declared on JpaRepositoriesRegistrar.EnableJpaRepositoriesConfiguration: Invocation of init method failed; nested exception is org.springframework.data.repository.query.QueryCreationException: Could not create query for public abstract Proyecto_TurismoCLONE.Proyecto_Turismo.entity.Audiencia Proyecto_TurismoCLONE.Proyecto_Turismo.repository.AudienciaRepository.findByNombre(java.lang.String)! Reason: Failed to create query for method public abstract Proyecto_TurismoCLONE.Proyecto_Turismo.entity.Audiencia Proyecto_TurismoCLONE.Proyecto_Turismo.repository.AudienciaRepository.findByNombre(java.lang.String)! No property nombre found for type Audiencia!; nested exception is java.lang.IllegalArgumentException: Failed to create query for method public abstract Proyecto_TurismoCLONE.Proyecto_Turismo.entity.Audiencia Proyecto_TurismoCLONE.Proyecto_Turismo.repository.AudienciaRepository.findByNombre(java.lang.String)! No property nombre found for type Audiencia!
Caused by: org.springframework.beans.factory.UnsatisfiedDependencyException: Error creating bean with name 'audienciaService': Unsatisfied dependency expressed through field 'restaurantesRepository'; nested exception is org.springframework.beans.factory.BeanCreationException: Error creating bean with name 'audienciaRepository' defined in Proyecto_TurismoCLONE.Proyecto_Turismo.repository.AudienciaRepository defined in @EnableJpaRepositories declared on JpaRepositoriesRegistrar.EnableJpaRepositoriesConfiguration: Invocation of init method failed; nested exception is org.springframework.data.repository.query.QueryCreationException: Could not create query for public abstract Proyecto_TurismoCLONE.Proyecto_Turismo.entity.Audiencia Proyecto_TurismoCLONE.Proyecto_Turismo.repository.AudienciaRepository.findByNombre(java.lang.String)! Reason: Failed to create query for method public abstract Proyecto_TurismoCLONE.Proyecto_Turismo.entity.Audiencia Proyecto_TurismoCLONE.Proyecto_Turismo.repository.AudienciaRepository.findByNombre(java.lang.String)! No property nombre found for type Audiencia!; nested exception is java.lang.IllegalArgumentException: Failed to create query for method public abstract Proyecto_TurismoCLONE.Proyecto_Turismo.entity.Audiencia Proyecto_TurismoCLONE.Proyecto_Turismo.repository.AudienciaRepository.findByNombre(java.lang.String)! No property nombre found for type Audiencia!
Caused by: org.springframework.beans.factory.BeanCreationException: Error creating bean with name 'audienciaRepository' defined in Proyecto_TurismoCLONE.Proyecto_Turismo.repository.AudienciaRepository defined in @EnableJpaRepositories declared on JpaRepositoriesRegistrar.EnableJpaRepositoriesConfiguration: Invocation of init method failed; nested exception is org.springframework.data.repository.query.QueryCreationException: Could not create query for public abstract Proyecto_TurismoCLONE.Proyecto_Turismo.entity.Audiencia Proyecto_TurismoCLONE.Proyecto_Turismo.repository.AudienciaRepository.findByNombre(java.lang.String)! Reason: Failed to create query for method public abstract Proyecto_TurismoCLONE.Proyecto_Turismo.entity.Audiencia Proyecto_TurismoCLONE.Proyecto_Turismo.repository.AudienciaRepository.findByNombre(java.lang.String)! No property nombre found for type Audiencia!; nested exception is java.lang.IllegalArgumentException: Failed to create query for method public abstract Proyecto_TurismoCLONE.Proyecto_Turismo.entity.Audiencia Proyecto_TurismoCLONE.Proyecto_Turismo.repository.AudienciaRepository.findByNombre(java.lang.String)! No property nombre found for type Audiencia!
Caused by: org.springframework.data.repository.query.QueryCreationException: Could not create query for public abstract Proyecto_TurismoCLONE.Proyecto_Turismo.entity.Audiencia Proyecto_TurismoCLONE.Proyecto_Turismo.repository.AudienciaRepository.findByNombre(java.lang.String)! Reason: Failed to create query for method public abstract Proyecto_TurismoCLONE.Proyecto_Turismo.entity.Audiencia Proyecto_TurismoCLONE.Proyecto_Turismo.repository.AudienciaRepository.findByNombre(java.lang.String)! No property nombre found for type Audiencia!; nested exception is java.lang.IllegalArgumentException: Failed to create query for method public abstract Proyecto_TurismoCLONE.Proyecto_Turismo.entity.Audiencia Proyecto_TurismoCLONE.Proyecto_Turismo.repository.AudienciaRepository.findByNombre(java.lang.String)! No property nombre found for type Audiencia!
Caused by: java.lang.IllegalArgumentException: Failed to create query for method public abstract Proyecto_TurismoCLONE.Proyecto_Turismo.entity.Audiencia Proyecto_TurismoCLONE.Proyecto_Turismo.repository.AudienciaRepository.findByNombre(java.lang.String)! No property nombre found for type Audiencia!
Caused by: org.springframework.data.mapping.PropertyReferenceException: No property nombre found for type Audiencia!

